Using launch settings from src/Fraud.Ingestion.Api/Properties/launchSettings.json...
Building...
info: Microsoft.Hosting.Lifetime[14]
      Now listening on: http://localhost:4000
info: Microsoft.Hosting.Lifetime[0]
      Application started. Press Ctrl+C to shut down.
info: Microsoft.Hosting.Lifetime[0]
      Hosting environment: Development
info: Microsoft.Hosting.Lifetime[0]
      Content root path: /home/jpc/dev/fraud/src/Fraud.Ingestion.Api
info: Microsoft.Hosting.Lifetime[0]
      Application is shutting down...
Using launch settings from src/Fraud.Ingestion.Api/Properties/launchSettings.json...
Building...
info: Microsoft.Hosting.Lifetime[14]
      Now listening on: http://localhost:4000
info: Microsoft.Hosting.Lifetime[0]
      Application started. Press Ctrl+C to shut down.
info: Microsoft.Hosting.Lifetime[0]
      Hosting environment: Development
info: Microsoft.Hosting.Lifetime[0]
      Content root path: /home/jpc/dev/fraud/src/Fraud.Ingestion.Api
info: Microsoft.Hosting.Lifetime[0]
      Application is shutting down...
